<?xml version="1.0" encoding="UTF-8"?>
<!-- Generated by org.testng.reporters.JUnitReportReporter -->
<testsuite hostname="CaptainCool07" failures="0" tests="4" name="api.test.UserTests2" time="7.042" errors="0" timestamp="2024-12-12T12:14:29 IST" skipped="0">
  <testcase classname="api.test.UserTests2" name="testPostUser" time="1.903"/>
  <system-out/>
  <testcase classname="api.test.UserTests2" name="testGetUserByName" time="1.011"/>
  <system-out/>
  <testcase classname="api.test.UserTests2" name="testUpdateUserByName" time="3.051"/>
  <system-out/>
  <testcase classname="api.test.UserTests2" name="testDeleteUserByName" time="1.077"/>
  <system-out/>
</testsuite> <!-- api.test.UserTests2 -->
