<?xml version="1.0" encoding="UTF-8"?>
<!-- Generated by org.testng.reporters.JUnitReportReporter -->
<testsuite hostname="CaptainCool07" failures="0" tests="6" name="api.test.DDTests" time="6.142" errors="0" timestamp="2024-12-12T12:14:29 IST" skipped="0">
  <testcase classname="api.test.DDTests" name="testPostuser" time="0.988"/>
  <system-out/>
  <testcase classname="api.test.DDTests" name="testPostuser" time="1.014"/>
  <system-out/>
  <testcase classname="api.test.DDTests" name="testPostuser" time="1.091"/>
  <system-out/>
  <testcase classname="api.test.DDTests" name="testDeleteUserByName" time="1.020"/>
  <system-out/>
  <testcase classname="api.test.DDTests" name="testDeleteUserByName" time="1.006"/>
  <system-out/>
  <testcase classname="api.test.DDTests" name="testDeleteUserByName" time="1.023"/>
  <system-out/>
</testsuite> <!-- api.test.DDTests -->
