<?xml version="1.0" encoding="UTF-8"?>
<!-- Generated by org.testng.reporters.JUnitReportReporter -->
<testsuite hostname="CaptainCool07" failures="0" tests="4" name="api.test.UserTests" time="6.755" errors="0" timestamp="2024-12-12T12:14:29 IST" skipped="0">
  <testcase classname="api.test.UserTests" name="testPostUser" time="2.695"/>
  <system-out/>
  <testcase classname="api.test.UserTests" name="testGetUserByName" time="1.045"/>
  <system-out/>
  <testcase classname="api.test.UserTests" name="testUpdateUserByName" time="2.037"/>
  <system-out/>
  <testcase classname="api.test.UserTests" name="testDeleteUserByName" time="0.978"/>
  <system-out/>
</testsuite> <!-- api.test.UserTests -->
